PullScrollListViewDemo/app/build/outputs/logs/manifest-merger-debug-report.txt
-- Merging decision tree log ---
manifest
ADDED from src/main/AndroidManifest.xml:2:1-16:12
	package
		ADDED from src/main/AndroidManifest.xml:3:11-54
		INJECTED from src/main/AndroidManifest.xml
		INJECTED from src/main/AndroidManifest.xml
	android:versionName
		ADDED from src/main/AndroidManifest.xml:5:11-36
		INJECTED from src/main/AndroidManifest.xml
		INJECTED from src/main/AndroidManifest.xml
	android:versionCode
		ADDED from src/main/AndroidManifest.xml:4:11-34
		INJECTED from src/main/AndroidManifest.xml
		INJECTED from src/main/AndroidManifest.xml
	xmlns:android
		ADDED from src/main/AndroidManifest.xml:2:11-69
uses-sdk
ADDED from src/main/AndroidManifest.xml:6:5-43
	android:targetSdkVersion
		INJECTED from src/main/AndroidManifest.xml
		INJECTED from src/main/AndroidManifest.xml
	android:minSdkVersion
		ADDED from src/main/AndroidManifest.xml:6:15-41
		INJECTED from src/main/AndroidManifest.xml
		INJECTED from src/main/AndroidManifest.xml
application
ADDED from src/main/AndroidManifest.xml:7:5-15:19
	android:label
		ADDED from src/main/AndroidManifest.xml:7:18-50
	android:icon
		ADDED from src/main/AndroidManifest.xml:7:51-87
activity#com.harvic.PullScrollListViewDemo.MainActivity
ADDED from src/main/AndroidManifest.xml:8:9-14:20
	android:label
		ADDED from src/main/AndroidManifest.xml:9:19-51
	android:name
		ADDED from src/main/AndroidManifest.xml:8:19-46
intent-filter#android.intent.action.MAIN+android.intent.category.LAUNCHER
ADDED from src/main/AndroidManifest.xml:10:13-13:29
action#android.intent.action.MAIN
ADDED from src/main/AndroidManifest.xml:11:17-68
	android:name
		ADDED from src/main/AndroidManifest.xml:11:25-66
category#android.intent.category.LAUNCHER
ADDED from src/main/AndroidManifest.xml:12:17-76
	android:name
		ADDED from src/main/AndroidManifest.xml:12:27-74